{"/Users/meruert.amantay/Desktop/react/Rolling Scopes School/react-2026-Q2-forms/rs-react-app/src/main.tsx": {"path":"/Users/meruert.amantay/Desktop/react/Rolling Scopes School/react-2026-Q2-forms/rs-react-app/src/main.tsx","statementMap":{"0":{"start":{"line":7,"column":0},"end":{"line":13,"column":null}}},"fnMap":{},"branchMap":{},"s":{"0":0},"f":{},"b":{},"meta":{"lastBranch":0,"lastFunction":0,"lastStatement":1,"seen":{"s:7:0:13:Infinity":0}}}
,"/Users/meruert.amantay/Desktop/react/Rolling Scopes School/react-2026-Q2-forms/rs-react-app/src/components/App/App.tsx": {"path":"/Users/meruert.amantay/Desktop/react/Rolling Scopes School/react-2026-Q2-forms/rs-react-app/src/components/App/App.tsx","statementMap":{"0":{"start":{"line":8,"column":6},"end":{"line":36,"column":null}},"1":{"start":{"line":9,"column":21},"end":{"line":9,"column":null}},"2":{"start":{"line":11,"column":2},"end":{"line":34,"column":null}},"3":{"start":{"line":15,"column":31},"end":{"line":15,"column":65}},"4":{"start":{"line":18,"column":31},"end":{"line":18,"column":62}},"5":{"start":{"line":24,"column":59},"end":{"line":24,"column":null}},"6":{"start":{"line":26,"column":44},"end":{"line":26,"column":66}},"7":{"start":{"line":30,"column":47},"end":{"line":30,"column":69}}},"fnMap":{"0":{"name":"(anonymous_0)","decl":{"start":{"line":8,"column":6},"end":{"line":8,"column":18}},"loc":{"start":{"line":8,"column":18},"end":{"line":36,"column":null}},"line":8},"1":{"name":"(anonymous_1)","decl":{"start":{"line":15,"column":16},"end":{"line":15,"column":31}},"loc":{"start":{"line":15,"column":31},"end":{"line":15,"column":65}},"line":15},"2":{"name":"(anonymous_2)","decl":{"start":{"line":18,"column":16},"end":{"line":18,"column":31}},"loc":{"start":{"line":18,"column":31},"end":{"line":18,"column":62}},"line":18},"3":{"name":"(anonymous_3)","decl":{"start":{"line":24,"column":44},"end":{"line":24,"column":59}},"loc":{"start":{"line":24,"column":59},"end":{"line":24,"column":null}},"line":24},"4":{"name":"(anonymous_4)","decl":{"start":{"line":26,"column":27},"end":{"line":26,"column":44}},"loc":{"start":{"line":26,"column":44},"end":{"line":26,"column":66}},"line":26},"5":{"name":"(anonymous_5)","decl":{"start":{"line":30,"column":30},"end":{"line":30,"column":47}},"loc":{"start":{"line":30,"column":47},"end":{"line":30,"column":69}},"line":30}},"branchMap":{"0":{"loc":{"start":{"line":25,"column":11},"end":{"line":29,"column":26}},"type":"binary-expr","locations":[{"start":{"line":25,"column":11},"end":{"line":25,"column":null}},{"start":{"line":26,"column":12},"end":{"line":29,"column":26}}],"line":25},"1":{"loc":{"start":{"line":29,"column":11},"end":{"line":32,"column":null}},"type":"binary-expr","locations":[{"start":{"line":29,"column":11},"end":{"line":29,"column":null}},{"start":{"line":30,"column":12},"end":{"line":32,"column":null}}],"line":29}},"s":{"0":1,"1":7,"2":7,"3":2,"4":1,"5":1,"6":0,"7":0},"f":{"0":7,"1":2,"2":1,"3":1,"4":0,"5":0},"b":{"0":[7,2],"1":[7,1]},"meta":{"lastBranch":2,"lastFunction":6,"lastStatement":8,"seen":{"s:8:6:36:Infinity":0,"f:8:6:8:18":0,"s:9:21:9:Infinity":1,"s:11:2:34:Infinity":2,"f:15:16:15:31":1,"s:15:31:15:65":3,"f:18:16:18:31":2,"s:18:31:18:62":4,"f:24:44:24:59":3,"s:24:59:24:Infinity":5,"b:25:11:25:Infinity:26:12:29:26":0,"f:26:27:26:44":4,"s:26:44:26:66":6,"b:29:11:29:Infinity:30:12:32:Infinity":1,"f:30:30:30:47":5,"s:30:47:30:69":7}}}
,"/Users/meruert.amantay/Desktop/react/Rolling Scopes School/react-2026-Q2-forms/rs-react-app/src/components/CountriesSelect/CountriesSelect.tsx": {"path":"/Users/meruert.amantay/Desktop/react/Rolling Scopes School/react-2026-Q2-forms/rs-react-app/src/components/CountriesSelect/CountriesSelect.tsx","statementMap":{"0":{"start":{"line":12,"column":6},"end":{"line":36,"column":null}},"1":{"start":{"line":19,"column":2},"end":{"line":34,"column":null}},"2":{"start":{"line":28,"column":12},"end":{"line":28,"column":null}}},"fnMap":{"0":{"name":"(anonymous_0)","decl":{"start":{"line":12,"column":6},"end":{"line":12,"column":25}},"loc":{"start":{"line":18,"column":39},"end":{"line":36,"column":null}},"line":18},"1":{"name":"(anonymous_1)","decl":{"start":{"line":27,"column":21},"end":{"line":27,"column":26}},"loc":{"start":{"line":28,"column":12},"end":{"line":28,"column":null}},"line":28}},"branchMap":{"0":{"loc":{"start":{"line":33,"column":7},"end":{"line":34,"column":null}},"type":"binary-expr","locations":[{"start":{"line":33,"column":7},"end":{"line":33,"column":16}},{"start":{"line":33,"column":16},"end":{"line":34,"column":null}}],"line":33}},"s":{"0":3,"1":24,"2":48},"f":{"0":24,"1":48},"b":{"0":[24,1]},"meta":{"lastBranch":1,"lastFunction":2,"lastStatement":3,"seen":{"s:12:6:36:Infinity":0,"f:12:6:12:25":0,"s:19:2:34:Infinity":1,"f:27:21:27:26":1,"s:28:12:28:Infinity":2,"b:33:7:33:16:33:16:34:Infinity":0}}}
,"/Users/meruert.amantay/Desktop/react/Rolling Scopes School/react-2026-Q2-forms/rs-react-app/src/components/GenderSelect/GenderSelect.tsx": {"path":"/Users/meruert.amantay/Desktop/react/Rolling Scopes School/react-2026-Q2-forms/rs-react-app/src/components/GenderSelect/GenderSelect.tsx","statementMap":{"0":{"start":{"line":10,"column":6},"end":{"line":32,"column":null}},"1":{"start":{"line":16,"column":2},"end":{"line":30,"column":null}}},"fnMap":{"0":{"name":"(anonymous_0)","decl":{"start":{"line":10,"column":6},"end":{"line":10,"column":22}},"loc":{"start":{"line":15,"column":40},"end":{"line":32,"column":null}},"line":15}},"branchMap":{"0":{"loc":{"start":{"line":29,"column":7},"end":{"line":30,"column":null}},"type":"binary-expr","locations":[{"start":{"line":29,"column":7},"end":{"line":29,"column":16}},{"start":{"line":29,"column":16},"end":{"line":30,"column":null}}],"line":29}},"s":{"0":3,"1":24},"f":{"0":24},"b":{"0":[24,1]},"meta":{"lastBranch":1,"lastFunction":1,"lastStatement":2,"seen":{"s:10:6:32:Infinity":0,"f:10:6:10:22":0,"s:16:2:30:Infinity":1,"b:29:7:29:16:29:16:30:Infinity":0}}}
,"/Users/meruert.amantay/Desktop/react/Rolling Scopes School/react-2026-Q2-forms/rs-react-app/src/components/Input/Input.tsx": {"path":"/Users/meruert.amantay/Desktop/react/Rolling Scopes School/react-2026-Q2-forms/rs-react-app/src/components/Input/Input.tsx","statementMap":{"0":{"start":{"line":10,"column":6},"end":{"line":26,"column":null}},"1":{"start":{"line":16,"column":2},"end":{"line":24,"column":null}}},"fnMap":{"0":{"name":"(anonymous_0)","decl":{"start":{"line":10,"column":6},"end":{"line":10,"column":15}},"loc":{"start":{"line":15,"column":39},"end":{"line":26,"column":null}},"line":15}},"branchMap":{"0":{"loc":{"start":{"line":23,"column":7},"end":{"line":24,"column":null}},"type":"binary-expr","locations":[{"start":{"line":23,"column":7},"end":{"line":23,"column":16}},{"start":{"line":23,"column":16},"end":{"line":24,"column":null}}],"line":23}},"s":{"0":3,"1":168},"f":{"0":168},"b":{"0":[168,11]},"meta":{"lastBranch":1,"lastFunction":1,"lastStatement":2,"seen":{"s:10:6:26:Infinity":0,"f:10:6:10:15":0,"s:16:2:24:Infinity":1,"b:23:7:23:16:23:16:24:Infinity":0}}}
,"/Users/meruert.amantay/Desktop/react/Rolling Scopes School/react-2026-Q2-forms/rs-react-app/src/components/Modal/Modal.tsx": {"path":"/Users/meruert.amantay/Desktop/react/Rolling Scopes School/react-2026-Q2-forms/rs-react-app/src/components/Modal/Modal.tsx","statementMap":{"0":{"start":{"line":12,"column":6},"end":{"line":60,"column":null}},"1":{"start":{"line":13,"column":8},"end":{"line":13,"column":null}},"2":{"start":{"line":15,"column":2},"end":{"line":27,"column":null}},"3":{"start":{"line":16,"column":19},"end":{"line":16,"column":null}},"4":{"start":{"line":18,"column":4},"end":{"line":18,"column":null}},"5":{"start":{"line":18,"column":17},"end":{"line":18,"column":null}},"6":{"start":{"line":20,"column":4},"end":{"line":22,"column":null}},"7":{"start":{"line":21,"column":6},"end":{"line":21,"column":null}},"8":{"start":{"line":24,"column":4},"end":{"line":26,"column":null}},"9":{"start":{"line":25,"column":6},"end":{"line":25,"column":null}},"10":{"start":{"line":29,"column":8},"end":{"line":42,"column":null}},"11":{"start":{"line":30,"column":4},"end":{"line":30,"column":null}},"12":{"start":{"line":30,"column":28},"end":{"line":30,"column":null}},"13":{"start":{"line":32,"column":17},"end":{"line":32,"column":null}},"14":{"start":{"line":34,"column":4},"end":{"line":41,"column":null}},"15":{"start":{"line":40,"column":6},"end":{"line":40,"column":null}},"16":{"start":{"line":44,"column":2},"end":{"line":58,"column":null}}},"fnMap":{"0":{"name":"(anonymous_0)","decl":{"start":{"line":12,"column":6},"end":{"line":12,"column":15}},"loc":{"start":{"line":12,"column":56},"end":{"line":60,"column":null}},"line":12},"1":{"name":"(anonymous_1)","decl":{"start":{"line":15,"column":2},"end":{"line":15,"column":18}},"loc":{"start":{"line":15,"column":18},"end":{"line":27,"column":5}},"line":15},"2":{"name":"(anonymous_2)","decl":{"start":{"line":29,"column":8},"end":{"line":29,"column":30}},"loc":{"start":{"line":29,"column":77},"end":{"line":42,"column":null}},"line":29}},"branchMap":{"0":{"loc":{"start":{"line":18,"column":4},"end":{"line":18,"column":null}},"type":"if","locations":[{"start":{"line":18,"column":4},"end":{"line":18,"column":null}},{"start":{},"end":{}}],"line":18},"1":{"loc":{"start":{"line":20,"column":4},"end":{"line":22,"column":null}},"type":"if","locations":[{"start":{"line":20,"column":4},"end":{"line":22,"column":null}},{"start":{},"end":{}}],"line":20},"2":{"loc":{"start":{"line":20,"column":8},"end":{"line":20,"column":32}},"type":"binary-expr","locations":[{"start":{"line":20,"column":8},"end":{"line":20,"column":18}},{"start":{"line":20,"column":18},"end":{"line":20,"column":32}}],"line":20},"3":{"loc":{"start":{"line":24,"column":4},"end":{"line":26,"column":null}},"type":"if","locations":[{"start":{"line":24,"column":4},"end":{"line":26,"column":null}},{"start":{},"end":{}}],"line":24},"4":{"loc":{"start":{"line":24,"column":8},"end":{"line":24,"column":32}},"type":"binary-expr","locations":[{"start":{"line":24,"column":8},"end":{"line":24,"column":19}},{"start":{"line":24,"column":19},"end":{"line":24,"column":32}}],"line":24},"5":{"loc":{"start":{"line":30,"column":4},"end":{"line":30,"column":null}},"type":"if","locations":[{"start":{"line":30,"column":4},"end":{"line":30,"column":null}},{"start":{},"end":{}}],"line":30},"6":{"loc":{"start":{"line":34,"column":4},"end":{"line":41,"column":null}},"type":"if","locations":[{"start":{"line":34,"column":4},"end":{"line":41,"column":null}},{"start":{},"end":{}}],"line":34},"7":{"loc":{"start":{"line":35,"column":6},"end":{"line":38,"column":null}},"type":"binary-expr","locations":[{"start":{"line":35,"column":6},"end":{"line":35,"column":null}},{"start":{"line":36,"column":6},"end":{"line":36,"column":null}},{"start":{"line":37,"column":6},"end":{"line":37,"column":null}},{"start":{"line":38,"column":6},"end":{"line":38,"column":null}}],"line":35}},"s":{"0":1,"1":7,"2":7,"3":7,"4":7,"5":0,"6":7,"7":3,"8":7,"9":0,"10":7,"11":1,"12":0,"13":1,"14":1,"15":0,"16":7},"f":{"0":7,"1":7,"2":1},"b":{"0":[0,7],"1":[3,4],"2":[7,3],"3":[0,7],"4":[7,4],"5":[0,1],"6":[0,1],"7":[1,1,1,1]},"meta":{"lastBranch":8,"lastFunction":3,"lastStatement":17,"seen":{"s:12:6:60:Infinity":0,"f:12:6:12:15":0,"s:13:8:13:Infinity":1,"s:15:2:27:Infinity":2,"f:15:2:15:18":1,"s:16:19:16:Infinity":3,"b:18:4:18:Infinity:undefined:undefined:undefined:undefined":0,"s:18:4:18:Infinity":4,"s:18:17:18:Infinity":5,"b:20:4:22:Infinity:undefined:undefined:undefined:undefined":1,"s:20:4:22:Infinity":6,"b:20:8:20:18:20:18:20:32":2,"s:21:6:21:Infinity":7,"b:24:4:26:Infinity:undefined:undefined:undefined:undefined":3,"s:24:4:26:Infinity":8,"b:24:8:24:19:24:19:24:32":4,"s:25:6:25:Infinity":9,"s:29:8:42:Infinity":10,"f:29:8:29:30":2,"b:30:4:30:Infinity:undefined:undefined:undefined:undefined":5,"s:30:4:30:Infinity":11,"s:30:28:30:Infinity":12,"s:32:17:32:Infinity":13,"b:34:4:41:Infinity:undefined:undefined:undefined:undefined":6,"s:34:4:41:Infinity":14,"b:35:6:35:Infinity:36:6:36:Infinity:37:6:37:Infinity:38:6:38:Infinity":7,"s:40:6:40:Infinity":15,"s:44:2:58:Infinity":16}}}
,"/Users/meruert.amantay/Desktop/react/Rolling Scopes School/react-2026-Q2-forms/rs-react-app/src/components/Portal/Portal.tsx": {"path":"/Users/meruert.amantay/Desktop/react/Rolling Scopes School/react-2026-Q2-forms/rs-react-app/src/components/Portal/Portal.tsx","statementMap":{"0":{"start":{"line":8,"column":6},"end":{"line":10,"column":null}},"1":{"start":{"line":9,"column":2},"end":{"line":9,"column":null}}},"fnMap":{"0":{"name":"(anonymous_0)","decl":{"start":{"line":8,"column":6},"end":{"line":8,"column":16}},"loc":{"start":{"line":8,"column":40},"end":{"line":10,"column":null}},"line":8}},"branchMap":{},"s":{"0":1,"1":7},"f":{"0":7},"b":{},"meta":{"lastBranch":0,"lastFunction":1,"lastStatement":2,"seen":{"s:8:6:10:Infinity":0,"f:8:6:8:16":0,"s:9:2:9:Infinity":1}}}
,"/Users/meruert.amantay/Desktop/react/Rolling Scopes School/react-2026-Q2-forms/rs-react-app/src/components/ReactHookForm/ReactHookForm.tsx": {"path":"/Users/meruert.amantay/Desktop/react/Rolling Scopes School/react-2026-Q2-forms/rs-react-app/src/components/ReactHookForm/ReactHookForm.tsx","statementMap":{"0":{"start":{"line":23,"column":6},"end":{"line":134,"column":null}},"1":{"start":{"line":24,"column":8},"end":{"line":24,"column":null}},"2":{"start":{"line":26,"column":8},"end":{"line":26,"column":null}},"3":{"start":{"line":32,"column":25},"end":{"line":36,"column":null}},"4":{"start":{"line":38,"column":49},"end":{"line":51,"column":null}},"5":{"start":{"line":39,"column":24},"end":{"line":39,"column":null}},"6":{"start":{"line":41,"column":37},"end":{"line":47,"column":null}},"7":{"start":{"line":48,"column":4},"end":{"line":48,"column":null}},"8":{"start":{"line":49,"column":4},"end":{"line":49,"column":null}},"9":{"start":{"line":50,"column":4},"end":{"line":50,"column":null}},"10":{"start":{"line":53,"column":8},"end":{"line":58,"column":null}},"11":{"start":{"line":54,"column":4},"end":{"line":57,"column":null}},"12":{"start":{"line":55,"column":19},"end":{"line":55,"column":null}},"13":{"start":{"line":56,"column":6},"end":{"line":56,"column":null}},"14":{"start":{"line":60,"column":2},"end":{"line":132,"column":null}},"15":{"start":{"line":90,"column":34},"end":{"line":90,"column":null}}},"fnMap":{"0":{"name":"(anonymous_0)","decl":{"start":{"line":23,"column":6},"end":{"line":23,"column":23}},"loc":{"start":{"line":23,"column":48},"end":{"line":134,"column":null}},"line":23},"1":{"name":"(anonymous_1)","decl":{"start":{"line":38,"column":49},"end":{"line":38,"column":56}},"loc":{"start":{"line":38,"column":65},"end":{"line":51,"column":null}},"line":38},"2":{"name":"(anonymous_2)","decl":{"start":{"line":53,"column":8},"end":{"line":53,"column":25}},"loc":{"start":{"line":53,"column":69},"end":{"line":58,"column":null}},"line":53},"3":{"name":"(anonymous_3)","decl":{"start":{"line":90,"column":10},"end":{"line":90,"column":23}},"loc":{"start":{"line":90,"column":34},"end":{"line":90,"column":null}},"line":90}},"branchMap":{"0":{"loc":{"start":{"line":54,"column":4},"end":{"line":57,"column":null}},"type":"if","locations":[{"start":{"line":54,"column":4},"end":{"line":57,"column":null}},{"start":{},"end":{}}],"line":54},"1":{"loc":{"start":{"line":90,"column":34},"end":{"line":90,"column":null}},"type":"cond-expr","locations":[{"start":{"line":90,"column":42},"end":{"line":90,"column":58}},{"start":{"line":90,"column":58},"end":{"line":90,"column":null}}],"line":90}},"s":{"0":2,"1":20,"2":20,"3":20,"4":20,"5":1,"6":1,"7":1,"8":1,"9":1,"10":20,"11":40,"12":0,"13":0,"14":20,"15":9},"f":{"0":20,"1":1,"2":40,"3":9},"b":{"0":[0,40],"1":[3,6]},"meta":{"lastBranch":2,"lastFunction":4,"lastStatement":16,"seen":{"s:23:6:134:Infinity":0,"f:23:6:23:23":0,"s:24:8:24:Infinity":1,"s:26:8:26:Infinity":2,"s:32:25:36:Infinity":3,"s:38:49:51:Infinity":4,"f:38:49:38:56":1,"s:39:24:39:Infinity":5,"s:41:37:47:Infinity":6,"s:48:4:48:Infinity":7,"s:49:4:49:Infinity":8,"s:50:4:50:Infinity":9,"s:53:8:58:Infinity":10,"f:53:8:53:25":2,"b:54:4:57:Infinity:undefined:undefined:undefined:undefined":0,"s:54:4:57:Infinity":11,"s:55:19:55:Infinity":12,"s:56:6:56:Infinity":13,"s:60:2:132:Infinity":14,"f:90:10:90:23":3,"s:90:34:90:Infinity":15,"b:90:42:90:58:90:58:90:Infinity":1}}}
,"/Users/meruert.amantay/Desktop/react/Rolling Scopes School/react-2026-Q2-forms/rs-react-app/src/components/SubmissonList/SubmissonList.tsx": {"path":"/Users/meruert.amantay/Desktop/react/Rolling Scopes School/react-2026-Q2-forms/rs-react-app/src/components/SubmissonList/SubmissonList.tsx","statementMap":{"0":{"start":{"line":6,"column":6},"end":{"line":67,"column":null}},"1":{"start":{"line":7,"column":8},"end":{"line":7,"column":null}},"2":{"start":{"line":9,"column":2},"end":{"line":11,"column":null}},"3":{"start":{"line":10,"column":4},"end":{"line":10,"column":null}},"4":{"start":{"line":13,"column":2},"end":{"line":65,"column":null}},"5":{"start":{"line":18,"column":8},"end":{"line":63,"column":null}}},"fnMap":{"0":{"name":"(anonymous_0)","decl":{"start":{"line":6,"column":6},"end":{"line":6,"column":29}},"loc":{"start":{"line":6,"column":29},"end":{"line":67,"column":null}},"line":6},"1":{"name":"(anonymous_1)","decl":{"start":{"line":17,"column":19},"end":{"line":17,"column":24}},"loc":{"start":{"line":18,"column":8},"end":{"line":63,"column":null}},"line":18}},"branchMap":{"0":{"loc":{"start":{"line":9,"column":2},"end":{"line":11,"column":null}},"type":"if","locations":[{"start":{"line":9,"column":2},"end":{"line":11,"column":null}},{"start":{},"end":{}}],"line":9},"1":{"loc":{"start":{"line":20,"column":10},"end":{"line":20,"column":null}},"type":"cond-expr","locations":[{"start":{"line":20,"column":49},"end":{"line":20,"column":66}},{"start":{"line":20,"column":66},"end":{"line":20,"column":null}}],"line":20},"2":{"loc":{"start":{"line":42,"column":37},"end":{"line":42,"column":null}},"type":"binary-expr","locations":[{"start":{"line":42,"column":37},"end":{"line":42,"column":49}},{"start":{"line":42,"column":49},"end":{"line":42,"column":null}}],"line":42},"3":{"loc":{"start":{"line":51,"column":15},"end":{"line":51,"column":null}},"type":"cond-expr","locations":[{"start":{"line":51,"column":36},"end":{"line":51,"column":44}},{"start":{"line":51,"column":44},"end":{"line":51,"column":null}}],"line":51}},"s":{"0":1,"1":3,"2":3,"3":1,"4":2,"5":2},"f":{"0":3,"1":2},"b":{"0":[1,2],"1":[0,2],"2":[2,0],"3":[2,0]},"meta":{"lastBranch":4,"lastFunction":2,"lastStatement":6,"seen":{"s:6:6:67:Infinity":0,"f:6:6:6:29":0,"s:7:8:7:Infinity":1,"b:9:2:11:Infinity:undefined:undefined:undefined:undefined":0,"s:9:2:11:Infinity":2,"s:10:4:10:Infinity":3,"s:13:2:65:Infinity":4,"f:17:19:17:24":1,"s:18:8:63:Infinity":5,"b:20:49:20:66:20:66:20:Infinity":1,"b:42:37:42:49:42:49:42:Infinity":2,"b:51:36:51:44:51:44:51:Infinity":3}}}
,"/Users/meruert.amantay/Desktop/react/Rolling Scopes School/react-2026-Q2-forms/rs-react-app/src/components/UncontrolledForm/UncontrolledForm.tsx": {"path":"/Users/meruert.amantay/Desktop/react/Rolling Scopes School/react-2026-Q2-forms/rs-react-app/src/components/UncontrolledForm/UncontrolledForm.tsx","statementMap":{"0":{"start":{"line":19,"column":6},"end":{"line":156,"column":null}},"1":{"start":{"line":20,"column":8},"end":{"line":20,"column":null}},"2":{"start":{"line":22,"column":8},"end":{"line":22,"column":null}},"3":{"start":{"line":24,"column":17},"end":{"line":26,"column":null}},"4":{"start":{"line":28,"column":23},"end":{"line":72,"column":null}},"5":{"start":{"line":29,"column":4},"end":{"line":29,"column":null}},"6":{"start":{"line":31,"column":17},"end":{"line":31,"column":null}},"7":{"start":{"line":33,"column":21},"end":{"line":33,"column":null}},"8":{"start":{"line":35,"column":21},"end":{"line":35,"column":null}},"9":{"start":{"line":37,"column":17},"end":{"line":47,"column":null}},"10":{"start":{"line":49,"column":19},"end":{"line":49,"column":null}},"11":{"start":{"line":51,"column":4},"end":{"line":55,"column":null}},"12":{"start":{"line":52,"column":19},"end":{"line":52,"column":null}},"13":{"start":{"line":53,"column":6},"end":{"line":53,"column":null}},"14":{"start":{"line":54,"column":6},"end":{"line":54,"column":null}},"15":{"start":{"line":57,"column":4},"end":{"line":57,"column":null}},"16":{"start":{"line":59,"column":24},"end":{"line":59,"column":null}},"17":{"start":{"line":61,"column":37},"end":{"line":67,"column":null}},"18":{"start":{"line":69,"column":4},"end":{"line":69,"column":null}},"19":{"start":{"line":70,"column":4},"end":{"line":70,"column":null}},"20":{"start":{"line":71,"column":4},"end":{"line":71,"column":null}},"21":{"start":{"line":74,"column":8},"end":{"line":79,"column":null}},"22":{"start":{"line":75,"column":4},"end":{"line":78,"column":null}},"23":{"start":{"line":76,"column":19},"end":{"line":76,"column":null}},"24":{"start":{"line":77,"column":6},"end":{"line":77,"column":null}},"25":{"start":{"line":81,"column":2},"end":{"line":154,"column":null}}},"fnMap":{"0":{"name":"(anonymous_0)","decl":{"start":{"line":19,"column":6},"end":{"line":19,"column":26}},"loc":{"start":{"line":19,"column":51},"end":{"line":156,"column":null}},"line":19},"1":{"name":"(anonymous_1)","decl":{"start":{"line":28,"column":23},"end":{"line":28,"column":30}},"loc":{"start":{"line":28,"column":70},"end":{"line":72,"column":null}},"line":28},"2":{"name":"(anonymous_2)","decl":{"start":{"line":74,"column":8},"end":{"line":74,"column":25}},"loc":{"start":{"line":74,"column":69},"end":{"line":79,"column":null}},"line":74}},"branchMap":{"0":{"loc":{"start":{"line":39,"column":11},"end":{"line":39,"column":null}},"type":"cond-expr","locations":[{"start":{"line":39,"column":22},"end":{"line":39,"column":41}},{"start":{"line":39,"column":41},"end":{"line":39,"column":null}}],"line":39},"1":{"loc":{"start":{"line":51,"column":4},"end":{"line":55,"column":null}},"type":"if","locations":[{"start":{"line":51,"column":4},"end":{"line":55,"column":null}},{"start":{},"end":{}}],"line":51},"2":{"loc":{"start":{"line":53,"column":16},"end":{"line":53,"column":39}},"type":"binary-expr","locations":[{"start":{"line":53,"column":16},"end":{"line":53,"column":35}},{"start":{"line":53,"column":35},"end":{"line":53,"column":39}}],"line":53},"3":{"loc":{"start":{"line":75,"column":4},"end":{"line":78,"column":null}},"type":"if","locations":[{"start":{"line":75,"column":4},"end":{"line":78,"column":null}},{"start":{},"end":{}}],"line":75}},"s":{"0":2,"1":4,"2":4,"3":4,"4":4,"5":1,"6":1,"7":1,"8":1,"9":1,"10":1,"11":1,"12":1,"13":1,"14":1,"15":0,"16":0,"17":0,"18":0,"19":0,"20":0,"21":4,"22":2,"23":0,"24":0,"25":4},"f":{"0":4,"1":1,"2":2},"b":{"0":[1,0],"1":[1,0],"2":[1,0],"3":[0,2]},"meta":{"lastBranch":4,"lastFunction":3,"lastStatement":26,"seen":{"s:19:6:156:Infinity":0,"f:19:6:19:26":0,"s:20:8:20:Infinity":1,"s:22:8:22:Infinity":2,"s:24:17:26:Infinity":3,"s:28:23:72:Infinity":4,"f:28:23:28:30":1,"s:29:4:29:Infinity":5,"s:31:17:31:Infinity":6,"s:33:21:33:Infinity":7,"s:35:21:35:Infinity":8,"s:37:17:47:Infinity":9,"b:39:22:39:41:39:41:39:Infinity":0,"s:49:19:49:Infinity":10,"b:51:4:55:Infinity:undefined:undefined:undefined:undefined":1,"s:51:4:55:Infinity":11,"s:52:19:52:Infinity":12,"s:53:6:53:Infinity":13,"b:53:16:53:35:53:35:53:39":2,"s:54:6:54:Infinity":14,"s:57:4:57:Infinity":15,"s:59:24:59:Infinity":16,"s:61:37:67:Infinity":17,"s:69:4:69:Infinity":18,"s:70:4:70:Infinity":19,"s:71:4:71:Infinity":20,"s:74:8:79:Infinity":21,"f:74:8:74:25":2,"b:75:4:78:Infinity:undefined:undefined:undefined:undefined":3,"s:75:4:78:Infinity":22,"s:76:19:76:Infinity":23,"s:77:6:77:Infinity":24,"s:81:2:154:Infinity":25}}}
,"/Users/meruert.amantay/Desktop/react/Rolling Scopes School/react-2026-Q2-forms/rs-react-app/src/constants/countries.ts": {"path":"/Users/meruert.amantay/Desktop/react/Rolling Scopes School/react-2026-Q2-forms/rs-react-app/src/constants/countries.ts","statementMap":{"0":{"start":{"line":1,"column":25},"end":{"line":40,"column":null}}},"fnMap":{},"branchMap":{},"s":{"0":2},"f":{},"b":{},"meta":{"lastBranch":0,"lastFunction":0,"lastStatement":1,"seen":{"s:1:25:40:Infinity":0}}}
,"/Users/meruert.amantay/Desktop/react/Rolling Scopes School/react-2026-Q2-forms/rs-react-app/src/schemas/validationSchema.ts": {"path":"/Users/meruert.amantay/Desktop/react/Rolling Scopes School/react-2026-Q2-forms/rs-react-app/src/schemas/validationSchema.ts","statementMap":{"0":{"start":{"line":3,"column":33},"end":{"line":3,"column":null}},"1":{"start":{"line":4,"column":23},"end":{"line":4,"column":null}},"2":{"start":{"line":6,"column":26},"end":{"line":69,"column":null}},"3":{"start":{"line":12,"column":19},"end":{"line":12,"column":null}},"4":{"start":{"line":35,"column":18},"end":{"line":35,"column":null}},"5":{"start":{"line":38,"column":26},"end":{"line":38,"column":41}},"6":{"start":{"line":40,"column":20},"end":{"line":40,"column":null}},"7":{"start":{"line":43,"column":26},"end":{"line":43,"column":55}},"8":{"start":{"line":51,"column":25},"end":{"line":51,"column":43}},"9":{"start":{"line":54,"column":25},"end":{"line":54,"column":46}},"10":{"start":{"line":57,"column":25},"end":{"line":57,"column":46}},"11":{"start":{"line":60,"column":25},"end":{"line":60,"column":63}},"12":{"start":{"line":66,"column":20},"end":{"line":66,"column":60}}},"fnMap":{"0":{"name":"(anonymous_0)","decl":{"start":{"line":11,"column":7},"end":{"line":11,"column":null}},"loc":{"start":{"line":12,"column":19},"end":{"line":12,"column":null}},"line":12},"1":{"name":"(anonymous_1)","decl":{"start":{"line":34,"column":13},"end":{"line":34,"column":null}},"loc":{"start":{"line":35,"column":18},"end":{"line":35,"column":null}},"line":35},"2":{"name":"(anonymous_2)","decl":{"start":{"line":38,"column":9},"end":{"line":38,"column":17}},"loc":{"start":{"line":38,"column":26},"end":{"line":38,"column":41}},"line":38},"3":{"name":"(anonymous_3)","decl":{"start":{"line":39,"column":9},"end":{"line":39,"column":null}},"loc":{"start":{"line":40,"column":20},"end":{"line":40,"column":null}},"line":40},"4":{"name":"(anonymous_4)","decl":{"start":{"line":43,"column":9},"end":{"line":43,"column":17}},"loc":{"start":{"line":43,"column":26},"end":{"line":43,"column":55}},"line":43},"5":{"name":"(anonymous_5)","decl":{"start":{"line":51,"column":7},"end":{"line":51,"column":15}},"loc":{"start":{"line":51,"column":25},"end":{"line":51,"column":43}},"line":51},"6":{"name":"(anonymous_6)","decl":{"start":{"line":54,"column":7},"end":{"line":54,"column":15}},"loc":{"start":{"line":54,"column":25},"end":{"line":54,"column":46}},"line":54},"7":{"name":"(anonymous_7)","decl":{"start":{"line":57,"column":7},"end":{"line":57,"column":15}},"loc":{"start":{"line":57,"column":25},"end":{"line":57,"column":46}},"line":57},"8":{"name":"(anonymous_8)","decl":{"start":{"line":60,"column":7},"end":{"line":60,"column":15}},"loc":{"start":{"line":60,"column":25},"end":{"line":60,"column":63}},"line":60},"9":{"name":"(anonymous_9)","decl":{"start":{"line":66,"column":3},"end":{"line":66,"column":11}},"loc":{"start":{"line":66,"column":20},"end":{"line":66,"column":60}},"line":66}},"branchMap":{"0":{"loc":{"start":{"line":12,"column":19},"end":{"line":12,"column":null}},"type":"binary-expr","locations":[{"start":{"line":12,"column":19},"end":{"line":12,"column":39}},{"start":{"line":12,"column":39},"end":{"line":12,"column":null}}],"line":12},"1":{"loc":{"start":{"line":35,"column":18},"end":{"line":35,"column":null}},"type":"cond-expr","locations":[{"start":{"line":35,"column":46},"end":{"line":35,"column":62}},{"start":{"line":35,"column":62},"end":{"line":35,"column":null}}],"line":35}},"s":{"0":3,"1":3,"2":3,"3":51,"4":51,"5":23,"6":23,"7":23,"8":51,"9":51,"10":51,"11":51,"12":21},"f":{"0":51,"1":51,"2":23,"3":23,"4":23,"5":51,"6":51,"7":51,"8":51,"9":21},"b":{"0":[51,44],"1":[50,1]},"meta":{"lastBranch":2,"lastFunction":10,"lastStatement":13,"seen":{"s:3:33:3:Infinity":0,"s:4:23:4:Infinity":1,"s:6:26:69:Infinity":2,"f:11:7:11:Infinity":0,"s:12:19:12:Infinity":3,"b:12:19:12:39:12:39:12:Infinity":0,"f:34:13:34:Infinity":1,"s:35:18:35:Infinity":4,"b:35:46:35:62:35:62:35:Infinity":1,"f:38:9:38:17":2,"s:38:26:38:41":5,"f:39:9:39:Infinity":3,"s:40:20:40:Infinity":6,"f:43:9:43:17":4,"s:43:26:43:55":7,"f:51:7:51:15":5,"s:51:25:51:43":8,"f:54:7:54:15":6,"s:54:25:54:46":9,"f:57:7:57:15":7,"s:57:25:57:46":10,"f:60:7:60:15":8,"s:60:25:60:63":11,"f:66:3:66:11":9,"s:66:20:66:60":12}}}
,"/Users/meruert.amantay/Desktop/react/Rolling Scopes School/react-2026-Q2-forms/rs-react-app/src/store/store.ts": {"path":"/Users/meruert.amantay/Desktop/react/Rolling Scopes School/react-2026-Q2-forms/rs-react-app/src/store/store.ts","statementMap":{"0":{"start":{"line":5,"column":13},"end":{"line":7,"column":null}}},"fnMap":{},"branchMap":{},"s":{"0":1},"f":{},"b":{},"meta":{"lastBranch":0,"lastFunction":0,"lastStatement":1,"seen":{"s:5:13:7:Infinity":0}}}
,"/Users/meruert.amantay/Desktop/react/Rolling Scopes School/react-2026-Q2-forms/rs-react-app/src/store/countries/countriesSelector.ts": {"path":"/Users/meruert.amantay/Desktop/react/Rolling Scopes School/react-2026-Q2-forms/rs-react-app/src/store/countries/countriesSelector.ts","statementMap":{"0":{"start":{"line":4,"column":13},"end":{"line":4,"column":null}},"1":{"start":{"line":4,"column":58},"end":{"line":4,"column":null}},"2":{"start":{"line":6,"column":13},"end":{"line":9,"column":null}},"3":{"start":{"line":8,"column":21},"end":{"line":8,"column":null}}},"fnMap":{"0":{"name":"(anonymous_0)","decl":{"start":{"line":4,"column":13},"end":{"line":4,"column":37}},"loc":{"start":{"line":4,"column":58},"end":{"line":4,"column":null}},"line":4},"1":{"name":"(anonymous_1)","decl":{"start":{"line":7,"column":2},"end":{"line":7,"column":null}},"loc":{"start":{"line":8,"column":21},"end":{"line":8,"column":null}},"line":8}},"branchMap":{},"s":{"0":3,"1":11,"2":3,"3":8},"f":{"0":11,"1":8},"b":{},"meta":{"lastBranch":0,"lastFunction":2,"lastStatement":4,"seen":{"s:4:13:4:Infinity":0,"f:4:13:4:37":0,"s:4:58:4:Infinity":1,"s:6:13:9:Infinity":2,"f:7:2:7:Infinity":1,"s:8:21:8:Infinity":3}}}
,"/Users/meruert.amantay/Desktop/react/Rolling Scopes School/react-2026-Q2-forms/rs-react-app/src/store/countries/countriesSlice.ts": {"path":"/Users/meruert.amantay/Desktop/react/Rolling Scopes School/react-2026-Q2-forms/rs-react-app/src/store/countries/countriesSlice.ts","statementMap":{"0":{"start":{"line":8,"column":35},"end":{"line":10,"column":null}},"1":{"start":{"line":12,"column":6},"end":{"line":16,"column":null}},"2":{"start":{"line":18,"column":20},"end":{"line":18,"column":null}}},"fnMap":{},"branchMap":{},"s":{"0":2,"1":2,"2":2},"f":{},"b":{},"meta":{"lastBranch":0,"lastFunction":0,"lastStatement":3,"seen":{"s:8:35:10:Infinity":0,"s:12:6:16:Infinity":1,"s:18:20:18:Infinity":2}}}
,"/Users/meruert.amantay/Desktop/react/Rolling Scopes School/react-2026-Q2-forms/rs-react-app/src/store/form/formSelector.ts": {"path":"/Users/meruert.amantay/Desktop/react/Rolling Scopes School/react-2026-Q2-forms/rs-react-app/src/store/form/formSelector.ts","statementMap":{"0":{"start":{"line":4,"column":13},"end":{"line":5,"column":null}},"1":{"start":{"line":5,"column":2},"end":{"line":5,"column":null}},"2":{"start":{"line":7,"column":13},"end":{"line":10,"column":null}},"3":{"start":{"line":9,"column":26},"end":{"line":9,"column":null}}},"fnMap":{"0":{"name":"(anonymous_0)","decl":{"start":{"line":4,"column":13},"end":{"line":4,"column":42}},"loc":{"start":{"line":5,"column":2},"end":{"line":5,"column":null}},"line":5},"1":{"name":"(anonymous_1)","decl":{"start":{"line":8,"column":2},"end":{"line":8,"column":null}},"loc":{"start":{"line":9,"column":26},"end":{"line":9,"column":null}},"line":9}},"branchMap":{},"s":{"0":1,"1":3,"2":1,"3":1},"f":{"0":3,"1":1},"b":{},"meta":{"lastBranch":0,"lastFunction":2,"lastStatement":4,"seen":{"s:4:13:5:Infinity":0,"f:4:13:4:42":0,"s:5:2:5:Infinity":1,"s:7:13:10:Infinity":2,"f:8:2:8:Infinity":1,"s:9:26:9:Infinity":3}}}
,"/Users/meruert.amantay/Desktop/react/Rolling Scopes School/react-2026-Q2-forms/rs-react-app/src/store/form/formSlice.ts": {"path":"/Users/meruert.amantay/Desktop/react/Rolling Scopes School/react-2026-Q2-forms/rs-react-app/src/store/form/formSlice.ts","statementMap":{"0":{"start":{"line":8,"column":35},"end":{"line":10,"column":null}},"1":{"start":{"line":12,"column":6},"end":{"line":28,"column":null}},"2":{"start":{"line":17,"column":6},"end":{"line":17,"column":null}},"3":{"start":{"line":20,"column":6},"end":{"line":22,"column":null}},"4":{"start":{"line":21,"column":18},"end":{"line":21,"column":null}},"5":{"start":{"line":25,"column":6},"end":{"line":25,"column":null}},"6":{"start":{"line":30,"column":29},"end":{"line":30,"column":null}},"7":{"start":{"line":34,"column":72},"end":{"line":34,"column":null}}},"fnMap":{"0":{"name":"(anonymous_0)","decl":{"start":{"line":16,"column":4},"end":{"line":16,"column":20}},"loc":{"start":{"line":16,"column":69},"end":{"line":18,"column":null}},"line":16},"1":{"name":"(anonymous_1)","decl":{"start":{"line":19,"column":4},"end":{"line":19,"column":23}},"loc":{"start":{"line":19,"column":64},"end":{"line":23,"column":null}},"line":19},"2":{"name":"(anonymous_2)","decl":{"start":{"line":20,"column":50},"end":{"line":20,"column":null}},"loc":{"start":{"line":21,"column":18},"end":{"line":21,"column":null}},"line":21},"3":{"name":"(anonymous_3)","decl":{"start":{"line":24,"column":4},"end":{"line":24,"column":26}},"loc":{"start":{"line":24,"column":36},"end":{"line":26,"column":null}},"line":24}},"branchMap":{},"s":{"0":5,"1":5,"2":1,"3":1,"4":1,"5":1,"6":5,"7":5},"f":{"0":1,"1":1,"2":1,"3":1},"b":{},"meta":{"lastBranch":0,"lastFunction":4,"lastStatement":8,"seen":{"s:8:35:10:Infinity":0,"s:12:6:28:Infinity":1,"f:16:4:16:20":0,"s:17:6:17:Infinity":2,"f:19:4:19:23":1,"s:20:6:22:Infinity":3,"f:20:50:20:Infinity":2,"s:21:18:21:Infinity":4,"f:24:4:24:26":3,"s:25:6:25:Infinity":5,"s:30:29:30:Infinity":6,"s:34:72:34:Infinity":7}}}
,"/Users/meruert.amantay/Desktop/react/Rolling Scopes School/react-2026-Q2-forms/rs-react-app/src/store/hooks/redux.ts": {"path":"/Users/meruert.amantay/Desktop/react/Rolling Scopes School/react-2026-Q2-forms/rs-react-app/src/store/hooks/redux.ts","statementMap":{"0":{"start":{"line":4,"column":30},"end":{"line":4,"column":null}},"1":{"start":{"line":5,"column":30},"end":{"line":5,"column":null}}},"fnMap":{},"branchMap":{},"s":{"0":3,"1":3},"f":{},"b":{},"meta":{"lastBranch":0,"lastFunction":0,"lastStatement":2,"seen":{"s:4:30:4:Infinity":0,"s:5:30:5:Infinity":1}}}
,"/Users/meruert.amantay/Desktop/react/Rolling Scopes School/react-2026-Q2-forms/rs-react-app/src/types/form.ts": {"path":"/Users/meruert.amantay/Desktop/react/Rolling Scopes School/react-2026-Q2-forms/rs-react-app/src/types/form.ts","statementMap":{},"fnMap":{},"branchMap":{},"s":{},"f":{},"b":{},"meta":{"lastBranch":0,"lastFunction":0,"lastStatement":0,"seen":{}}}
,"/Users/meruert.amantay/Desktop/react/Rolling Scopes School/react-2026-Q2-forms/rs-react-app/src/utils/fileToBase64.ts": {"path":"/Users/meruert.amantay/Desktop/react/Rolling Scopes School/react-2026-Q2-forms/rs-react-app/src/utils/fileToBase64.ts","statementMap":{"0":{"start":{"line":1,"column":13},"end":{"line":28,"column":null}},"1":{"start":{"line":2,"column":2},"end":{"line":27,"column":null}},"2":{"start":{"line":4,"column":6},"end":{"line":8,"column":null}},"3":{"start":{"line":10,"column":4},"end":{"line":13,"column":null}},"4":{"start":{"line":11,"column":6},"end":{"line":11,"column":null}},"5":{"start":{"line":12,"column":6},"end":{"line":12,"column":null}},"6":{"start":{"line":15,"column":19},"end":{"line":15,"column":null}},"7":{"start":{"line":17,"column":4},"end":{"line":23,"column":null}},"8":{"start":{"line":18,"column":6},"end":{"line":22,"column":null}},"9":{"start":{"line":19,"column":8},"end":{"line":19,"column":null}},"10":{"start":{"line":21,"column":8},"end":{"line":21,"column":null}},"11":{"start":{"line":24,"column":4},"end":{"line":24,"column":null}},"12":{"start":{"line":26,"column":4},"end":{"line":26,"column":null}}},"fnMap":{"0":{"name":"(anonymous_0)","decl":{"start":{"line":1,"column":13},"end":{"line":1,"column":29}},"loc":{"start":{"line":1,"column":64},"end":{"line":28,"column":null}},"line":1},"1":{"name":"(anonymous_1)","decl":{"start":{"line":2,"column":13},"end":{"line":2,"column":22}},"loc":{"start":{"line":2,"column":42},"end":{"line":27,"column":3}},"line":2},"2":{"name":"(anonymous_2)","decl":{"start":{"line":17,"column":11},"end":{"line":17,"column":26}},"loc":{"start":{"line":17,"column":26},"end":{"line":23,"column":null}},"line":17}},"branchMap":{"0":{"loc":{"start":{"line":4,"column":6},"end":{"line":8,"column":null}},"type":"cond-expr","locations":[{"start":{"line":5,"column":10},"end":{"line":5,"column":null}},{"start":{"line":6,"column":10},"end":{"line":8,"column":null}}],"line":4},"1":{"loc":{"start":{"line":6,"column":10},"end":{"line":8,"column":null}},"type":"cond-expr","locations":[{"start":{"line":7,"column":12},"end":{"line":7,"column":null}},{"start":{"line":8,"column":12},"end":{"line":8,"column":null}}],"line":6},"2":{"loc":{"start":{"line":10,"column":4},"end":{"line":13,"column":null}},"type":"if","locations":[{"start":{"line":10,"column":4},"end":{"line":13,"column":null}},{"start":{},"end":{}}],"line":10},"3":{"loc":{"start":{"line":18,"column":6},"end":{"line":22,"column":null}},"type":"if","locations":[{"start":{"line":18,"column":6},"end":{"line":22,"column":null}},{"start":{"line":20,"column":13},"end":{"line":22,"column":null}}],"line":18}},"s":{"0":4,"1":3,"2":3,"3":3,"4":1,"5":1,"6":2,"7":2,"8":2,"9":2,"10":0,"11":2,"12":2},"f":{"0":3,"1":3,"2":2},"b":{"0":[0,3],"1":[2,1],"2":[1,2],"3":[2,0]},"meta":{"lastBranch":4,"lastFunction":3,"lastStatement":13,"seen":{"s:1:13:28:Infinity":0,"f:1:13:1:29":0,"s:2:2:27:Infinity":1,"f:2:13:2:22":1,"s:4:6:8:Infinity":2,"b:5:10:5:Infinity:6:10:8:Infinity":0,"b:7:12:7:Infinity:8:12:8:Infinity":1,"b:10:4:13:Infinity:undefined:undefined:undefined:undefined":2,"s:10:4:13:Infinity":3,"s:11:6:11:Infinity":4,"s:12:6:12:Infinity":5,"s:15:19:15:Infinity":6,"s:17:4:23:Infinity":7,"f:17:11:17:26":2,"b:18:6:22:Infinity:20:13:22:Infinity":3,"s:18:6:22:Infinity":8,"s:19:8:19:Infinity":9,"s:21:8:21:Infinity":10,"s:24:4:24:Infinity":11,"s:26:4:26:Infinity":12}}}
,"/Users/meruert.amantay/Desktop/react/Rolling Scopes School/react-2026-Q2-forms/rs-react-app/src/utils/isNewForm.ts": {"path":"/Users/meruert.amantay/Desktop/react/Rolling Scopes School/react-2026-Q2-forms/rs-react-app/src/utils/isNewForm.ts","statementMap":{"0":{"start":{"line":1,"column":13},"end":{"line":5,"column":null}},"1":{"start":{"line":2,"column":18},"end":{"line":2,"column":null}},"2":{"start":{"line":4,"column":2},"end":{"line":4,"column":null}}},"fnMap":{"0":{"name":"(anonymous_0)","decl":{"start":{"line":1,"column":13},"end":{"line":1,"column":26}},"loc":{"start":{"line":1,"column":48},"end":{"line":5,"column":null}},"line":1}},"branchMap":{},"s":{"0":1,"1":2,"2":2},"f":{"0":2},"b":{},"meta":{"lastBranch":0,"lastFunction":1,"lastStatement":3,"seen":{"s:1:13:5:Infinity":0,"f:1:13:1:26":0,"s:2:18:2:Infinity":1,"s:4:2:4:Infinity":2}}}
}
